{"C:\\Users\\victo\\Desktop\\COMP380\\Hotel\\Hotel-Management\\Hotel-Management\\views\\checkInForm.js": {"path":"C:\\Users\\victo\\Desktop\\COMP380\\Hotel\\Hotel-Management\\Hotel-Management\\views\\checkInForm.js","all":false,"statementMap":{"0":{"start":{"line":1,"column":0},"end":{"line":1,"column":27}},"1":{"start":{"line":2,"column":0},"end":{"line":2,"column":19}},"2":{"start":{"line":3,"column":0},"end":{"line":3,"column":19}},"3":{"start":{"line":4,"column":0},"end":{"line":4,"column":25}},"4":{"start":{"line":5,"column":0},"end":{"line":5,"column":5}},"5":{"start":{"line":6,"column":0},"end":{"line":6,"column":2}},"6":{"start":{"line":7,"column":0},"end":{"line":7,"column":45}},"7":{"start":{"line":8,"column":0},"end":{"line":8,"column":2}},"8":{"start":{"line":9,"column":0},"end":{"line":9,"column":32}},"9":{"start":{"line":10,"column":0},"end":{"line":10,"column":25}},"10":{"start":{"line":11,"column":0},"end":{"line":11,"column":5}},"11":{"start":{"line":12,"column":0},"end":{"line":12,"column":2}},"12":{"start":{"line":13,"column":0},"end":{"line":13,"column":26}},"13":{"start":{"line":14,"column":0},"end":{"line":14,"column":25}},"14":{"start":{"line":15,"column":0},"end":{"line":15,"column":5}},"15":{"start":{"line":16,"column":0},"end":{"line":16,"column":3}},"16":{"start":{"line":17,"column":0},"end":{"line":17,"column":2}},"17":{"start":{"line":18,"column":0},"end":{"line":18,"column":31}}},"s":{"0":1,"1":1,"2":1,"3":0,"4":1,"5":1,"6":1,"7":1,"8":1,"9":0,"10":1,"11":1,"12":1,"13":0,"14":1,"15":1,"16":1,"17":1},"branchMap":{},"b":{},"fnMap":{"0":{"name":"CheckInForm","decl":{"start":{"line":3,"column":4},"end":{"line":4,"column":25}},"loc":{"start":{"line":3,"column":4},"end":{"line":4,"column":25}},"line":3},"1":{"name":"validateFormData","decl":{"start":{"line":9,"column":4},"end":{"line":10,"column":25}},"loc":{"start":{"line":9,"column":4},"end":{"line":10,"column":25}},"line":9},"2":{"name":"submitForm","decl":{"start":{"line":13,"column":4},"end":{"line":14,"column":25}},"loc":{"start":{"line":13,"column":4},"end":{"line":14,"column":25}},"line":13}},"f":{"0":0,"1":0,"2":0}}
}
